<?xml version="1.0" encoding="UTF-8"?>
<testng-results skipped="0" failed="0" total="1" passed="1">
  <reporter-output>
  </reporter-output>
  <suite name="test.java.NewTest" duration-ms="9001" started-at="2015-11-04T02:32:08Z" finished-at="2015-11-04T02:32:17Z">
    <groups>
    </groups>
    <test name="Command line test" duration-ms="9001" started-at="2015-11-04T02:32:08Z" finished-at="2015-11-04T02:32:17Z">
      <class name="test.java.NewTest">
        <test-method status="PASS" signature="beforeMethod()[pri:0, instance:test.java.NewTest@77b52d12]" name="beforeMethod" is-config="true" duration-ms="6993" started-at="2015-11-03T21:32:08Z" finished-at="2015-11-03T21:32:15Z">
          <reporter-output>
          </reporter-output>
        </test-method> <!-- beforeMethod -->
        <test-method status="PASS" signature="f()[pri:0, instance:test.java.NewTest@77b52d12]" name="f" duration-ms="1511" started-at="2015-11-03T21:32:15Z" finished-at="2015-11-03T21:32:17Z">
          <reporter-output>
          </reporter-output>
        </test-method> <!-- f -->
        <test-method status="PASS" signature="afterMethod()[pri:0, instance:test.java.NewTest@77b52d12]" name="afterMethod" is-config="true" duration-ms="477" started-at="2015-11-03T21:32:17Z" finished-at="2015-11-03T21:32:17Z">
          <reporter-output>
          </reporter-output>
        </test-method> <!-- afterMethod -->
      </class> <!-- test.java.NewTest -->
    </test> <!-- Command line test -->
  </suite> <!-- test.java.NewTest -->
</testng-results>
